11/02/2022 03:15:06 PM: INFO: *****************Test_001_Login***************
11/02/2022 03:15:06 PM: INFO: ******************* very fing Home Page ***************
11/02/2022 03:15:09 PM: INFO: ***************** test passed **********************
11/02/2022 03:15:10 PM: INFO: ***************** test_login started **********************
11/02/2022 03:15:20 PM: INFO: ***************** test_login passed **********************
11/02/2022 09:02:20 PM: INFO: *****************Test_001_Login***************
11/02/2022 09:02:20 PM: INFO: ******************* very fing Home Page ***************
11/02/2022 09:02:30 PM: INFO: ***************** test passed **********************
11/02/2022 09:02:31 PM: INFO: ***************** test_login started **********************
11/02/2022 09:02:38 PM: INFO: ***************** test_login passed **********************
11/02/2022 09:10:22 PM: INFO: *****************Test_001_Login***************
11/02/2022 09:10:22 PM: INFO: ******************* very fing Home Page ***************
11/02/2022 09:10:26 PM: INFO: ***************** test_login started **********************
11/02/2022 09:15:50 PM: INFO: *****************Test_001_Login***************
11/02/2022 09:15:50 PM: INFO: ******************* very fing Home Page ***************
11/02/2022 09:15:55 PM: INFO: ***************** test_login started **********************
11/02/2022 09:17:14 PM: INFO: *****************Test_001_Login***************
11/02/2022 09:17:14 PM: INFO: ******************* very fing Home Page ***************
11/02/2022 09:17:18 PM: INFO: ***************** test passed **********************
11/02/2022 09:17:21 PM: INFO: ***************** test_login started **********************
11/02/2022 09:17:32 PM: INFO: ***************** test_login passed **********************
11/02/2022 09:19:39 PM: INFO: *****************Test_001_Login***************
11/02/2022 09:19:39 PM: INFO: ******************* very fing Home Page ***************
11/02/2022 09:19:42 PM: INFO: ***************** test passed **********************
11/02/2022 09:19:43 PM: INFO: ***************** test_login started **********************
11/02/2022 09:19:54 PM: INFO: ***************** test_login passed **********************
11/02/2022 09:22:03 PM: INFO: ***************** test_login started **********************
11/02/2022 09:22:03 PM: INFO: *****************Test_001_Login***************
11/02/2022 09:22:03 PM: INFO: ******************* very fing Home Page ***************
11/02/2022 09:22:06 PM: INFO: ***************** test passed **********************
11/02/2022 09:22:13 PM: INFO: ***************** test_login passed **********************
11/02/2022 10:42:04 PM: INFO: *****************Test_001_Login***************
11/02/2022 10:42:04 PM: INFO: ******************* very fing Home Page ***************
11/02/2022 10:42:07 PM: INFO: ***************** test passed **********************
11/02/2022 10:42:09 PM: INFO: ***************** test_login started **********************
11/02/2022 10:42:17 PM: INFO: ***************** test_login passed **********************
11/02/2022 10:47:12 PM: INFO: ***************** test_login started **********************
11/02/2022 10:47:12 PM: INFO: *****************Test_001_Login***************
11/02/2022 10:47:12 PM: INFO: ******************* very fing Home Page ***************
11/02/2022 10:47:15 PM: INFO: ***************** test passed **********************
11/02/2022 10:47:22 PM: INFO: ***************** test_login passed **********************
11/02/2022 10:49:16 PM: INFO: ***************** test_login started **********************
11/02/2022 10:49:16 PM: INFO: *****************Test_001_Login***************
11/02/2022 10:49:16 PM: INFO: ******************* very fing Home Page ***************
11/02/2022 10:49:18 PM: INFO: ***************** test passed **********************
11/02/2022 10:49:24 PM: INFO: ***************** test_login passed **********************
11/05/2022 08:43:31 PM: INFO: *****************Test_001_Login***************
11/05/2022 08:43:31 PM: INFO: ******************* very fing Home Page ***************
11/05/2022 08:43:34 PM: INFO: ***************** test passed **********************
11/05/2022 08:43:36 PM: INFO: ***************** test_login started **********************
11/05/2022 08:43:45 PM: INFO: ***************** test_login passed **********************
11/05/2022 08:44:19 PM: INFO: *****************Test_001_Login***************
11/05/2022 08:44:19 PM: INFO: ******************* very fing Home Page ***************
11/05/2022 08:44:22 PM: INFO: ***************** test passed **********************
11/05/2022 08:44:30 PM: INFO: ***************** test_login started **********************
11/05/2022 08:44:39 PM: INFO: ***************** test_login passed **********************
11/10/2022 08:27:20 AM: INFO: *****************Test_001_Login***************
11/10/2022 08:27:20 AM: INFO: ******************* very fing Home Page ***************
11/10/2022 08:27:22 AM: INFO: ***************** test passed **********************
11/10/2022 08:27:28 AM: INFO: ***************** test_login started **********************
11/10/2022 08:27:40 AM: INFO: ***************** test_login passed **********************
11/10/2022 08:33:56 AM: INFO: ***************** test_login started **********************
11/10/2022 08:33:58 AM: INFO: *****************Test_001_Login***************
11/10/2022 08:33:58 AM: INFO: ******************* very fing Home Page ***************
11/10/2022 08:34:00 AM: INFO: ***************** test passed **********************
11/10/2022 08:34:04 AM: INFO: ***************** test_login passed **********************
11/10/2022 09:02:34 AM: INFO: *****************Test_001_Login***************
11/10/2022 09:02:34 AM: INFO: ******************* very fing Home Page ***************
11/10/2022 09:02:37 AM: INFO: ***************** test passed **********************
11/10/2022 09:02:38 AM: INFO: ***************** test_login started **********************
11/10/2022 09:03:08 AM: INFO: ***************** test_login passed **********************
11/10/2022 09:03:22 AM: INFO: *****************Test_001_Login***************
11/10/2022 09:03:22 AM: INFO: ******************* very fing Home Page ***************
11/10/2022 09:03:22 AM: INFO: ***************** test_login started **********************
11/10/2022 09:03:58 AM: INFO: *****************Test_001_Login***************
11/10/2022 09:03:58 AM: INFO: ******************* very fing Home Page ***************
11/10/2022 09:03:58 AM: INFO: ***************** test_login started **********************
11/10/2022 11:25:37 AM: INFO: *****************Test_001_Login***************
11/10/2022 11:25:37 AM: INFO: ******************* very fing Home Page ***************
11/10/2022 11:25:40 AM: INFO: ***************** test passed **********************
11/10/2022 11:25:42 AM: INFO: ***************** test_login started **********************
11/10/2022 11:26:16 AM: INFO: ***************** test_login passed **********************
11/11/2022 01:31:57 PM: INFO: *****************Test_001_Login***************
11/11/2022 01:31:57 PM: INFO: ******************* very fing Home Page ***************
11/11/2022 01:31:59 PM: INFO: ***************** test passed **********************
11/11/2022 01:32:00 PM: INFO: ***************** test_login started **********************
11/11/2022 01:32:08 PM: INFO: ***************** test_login passed **********************
11/11/2022 01:38:06 PM: INFO: *****************Test_001_Login***************
11/11/2022 01:38:06 PM: INFO: ******************* very fing Home Page ***************
11/11/2022 01:38:09 PM: INFO: ***************** test passed **********************
11/11/2022 01:38:11 PM: INFO: *****************Test_001_Login***************
11/11/2022 01:38:11 PM: INFO: ******************* very fing Home Page ***************
11/11/2022 01:38:13 PM: INFO: ***************** test passed **********************
11/11/2022 01:38:15 PM: INFO: *****************Test_001_Login***************
11/11/2022 01:38:15 PM: INFO: ******************* very fing Home Page ***************
11/11/2022 01:38:18 PM: INFO: ***************** test passed **********************
11/11/2022 01:38:20 PM: INFO: ***************** test_login started **********************
11/11/2022 01:39:11 PM: INFO: ***************** test_login passed **********************
11/11/2022 01:39:13 PM: INFO: ***************** test_login started **********************
11/11/2022 01:39:39 PM: INFO: ***************** test_login passed **********************
11/11/2022 01:39:40 PM: INFO: ***************** test_login started **********************
11/11/2022 01:42:56 PM: INFO: *****************Test_001_Login***************
11/11/2022 01:42:56 PM: INFO: ******************* very fing Home Page ***************
11/11/2022 01:43:15 PM: INFO: ***************** test passed **********************
11/11/2022 01:43:16 PM: INFO: ***************** test_login started **********************
11/11/2022 01:43:38 PM: INFO: ***************** test_login passed **********************
11/11/2022 01:48:52 PM: INFO: *****************Test_001_Login***************
11/11/2022 01:48:52 PM: INFO: ******************* 'verifying Home Page ***************
11/11/2022 01:48:52 PM: INFO: ***************** test_login started **********************
11/11/2022 01:49:10 PM: INFO: ***************** test passed **********************
11/11/2022 01:49:16 PM: INFO: ***************** test_login passed **********************
11/15/2022 11:24:58 AM: INFO: *****************Test_001_Login***************
11/15/2022 11:24:58 AM: INFO: ******************* 'verifying Home Page ***************
11/15/2022 11:24:59 AM: INFO: ***************** test_login started **********************
11/15/2022 11:25:01 AM: INFO: ***************** test passed **********************
11/15/2022 11:25:06 AM: INFO: ***************** test_login passed **********************
11/15/2022 11:28:24 AM: INFO: *****************Test_001_Login***************
11/15/2022 11:28:24 AM: INFO: ******************* 'verifying Home Page ***************
11/15/2022 11:28:43 AM: INFO: ***************** test passed **********************
11/15/2022 11:28:44 AM: INFO: ***************** test_login started **********************
11/15/2022 11:29:09 AM: INFO: ***************** test_login passed **********************
11/15/2022 12:36:18 PM: INFO: **********************Test_ddt_0001***********************
11/15/2022 12:36:18 PM: INFO: ***************** test_login started **********************
11/15/2022 12:36:22 PM: INFO: *****************Test_001_Login***************
11/15/2022 12:36:22 PM: INFO: ******************* 'verifying Home Page ***************
11/15/2022 12:36:40 PM: INFO: ***************** test passed **********************
11/15/2022 12:36:42 PM: INFO: ***************** test_login started **********************
11/15/2022 12:36:55 PM: INFO: ***************** test_login passed **********************
11/15/2022 12:50:42 PM: INFO: **********************Test_ddt_0001***********************
11/15/2022 12:50:42 PM: INFO: ***************** test_login started **********************
11/15/2022 12:50:46 PM: INFO: *****************Test_001_Login***************
11/15/2022 12:50:46 PM: INFO: ******************* 'verifying Home Page ***************
11/15/2022 12:51:04 PM: INFO: ***************** test passed **********************
11/15/2022 12:51:05 PM: INFO: ***************** test_login started **********************
11/15/2022 12:51:32 PM: INFO: ***************** test_login passed **********************
11/15/2022 12:53:44 PM: INFO: **********************Test_ddt_0001***********************
11/15/2022 12:53:44 PM: INFO: ***************** test_login started **********************
11/15/2022 12:53:47 PM: INFO: *****************Test_001_Login***************
11/15/2022 12:53:47 PM: INFO: ******************* 'verifying Home Page ***************
11/15/2022 12:54:05 PM: INFO: ***************** test passed **********************
11/15/2022 12:54:06 PM: INFO: ***************** test_login started **********************
11/15/2022 12:54:32 PM: INFO: ***************** test_login passed **********************
11/15/2022 01:01:39 PM: INFO: **********************Test_ddt_0001***********************
11/15/2022 01:01:39 PM: INFO: ***************** test_login started **********************
11/15/2022 01:01:43 PM: INFO: *****************Test_001_Login***************
11/15/2022 01:01:43 PM: INFO: ******************* 'verifying Home Page ***************
11/15/2022 01:02:01 PM: INFO: ***************** test passed **********************
11/15/2022 01:02:02 PM: INFO: ***************** test_login started **********************
11/15/2022 01:02:14 PM: INFO: ***************** test_login passed **********************
11/15/2022 01:04:10 PM: INFO: **********************Test_ddt_0001***********************
11/15/2022 01:04:10 PM: INFO: ***************** test_login started **********************
11/15/2022 01:04:14 PM: INFO: *****************Test_001_Login***************
11/15/2022 01:04:14 PM: INFO: ******************* 'verifying Home Page ***************
11/15/2022 01:04:16 PM: INFO: ***************** test passed **********************
11/15/2022 01:04:18 PM: INFO: ***************** test_login started **********************
11/15/2022 01:05:20 PM: INFO: *****************Test_001_Login***************
11/15/2022 01:05:20 PM: INFO: ******************* 'verifying Home Page ***************
11/15/2022 01:05:20 PM: INFO: **********************Test_ddt_0001***********************
11/15/2022 01:05:20 PM: INFO: ***************** test_login started **********************
11/15/2022 01:05:22 PM: INFO: ***************** test passed **********************
11/15/2022 01:05:24 PM: INFO: ***************** test_login started **********************
11/15/2022 01:06:04 PM: INFO: ***************** test_login passed **********************
11/15/2022 01:09:38 PM: INFO: **********************Test_ddt_0001***********************
11/15/2022 01:09:38 PM: INFO: ***************** test_login started **********************
11/15/2022 01:09:41 PM: INFO: *****************Test_001_Login***************
11/15/2022 01:09:41 PM: INFO: ******************* 'verifying Home Page ***************
11/15/2022 01:09:59 PM: INFO: ***************** test passed **********************
11/15/2022 01:10:00 PM: INFO: ***************** test_login started **********************
11/15/2022 01:10:10 PM: INFO: ***************** test_login passed **********************
11/15/2022 01:33:43 PM: INFO: **********************Test_ddt_0001***********************
11/15/2022 01:33:43 PM: INFO: ***************** test_login started **********************
11/15/2022 01:33:46 PM: INFO: *****************Test_001_Login***************
11/15/2022 01:33:46 PM: INFO: ******************* 'verifying Home Page ***************
11/15/2022 01:33:49 PM: INFO: ***************** test passed **********************
11/15/2022 01:33:50 PM: INFO: ***************** test_login started **********************
11/15/2022 01:33:57 PM: INFO: ***************** test_login passed **********************
11/15/2022 01:40:05 PM: INFO: **********************Test_ddt_0001***********************
11/15/2022 01:40:05 PM: INFO: ***************** test_login started **********************
11/15/2022 01:40:09 PM: INFO: *****************Test_001_Login***************
11/15/2022 01:40:09 PM: INFO: ******************* 'verifying Home Page ***************
11/15/2022 01:40:11 PM: INFO: ***************** test passed **********************
11/15/2022 01:40:13 PM: INFO: ***************** test_login started **********************
11/15/2022 01:40:21 PM: INFO: ***************** test_login passed **********************
11/15/2022 01:45:05 PM: INFO: **********************Test_ddt_0001***********************
11/15/2022 01:45:05 PM: INFO: ***************** test_login started **********************
11/15/2022 01:45:08 PM: INFO: *****************Test_001_Login***************
11/15/2022 01:45:08 PM: INFO: ******************* 'verifying Home Page ***************
11/15/2022 01:45:27 PM: INFO: ***************** test passed **********************
11/15/2022 01:45:28 PM: INFO: ***************** test_login started **********************
11/15/2022 01:45:55 PM: INFO: ***************** test_login passed **********************
11/15/2022 01:47:50 PM: INFO: **********************Test_ddt_0001***********************
11/15/2022 01:47:50 PM: INFO: ***************** test_login started **********************
11/15/2022 01:47:53 PM: INFO: *****************Test_001_Login***************
11/15/2022 01:47:53 PM: INFO: ******************* 'verifying Home Page ***************
11/15/2022 01:48:11 PM: INFO: ***************** test passed **********************
11/15/2022 01:48:13 PM: INFO: ***************** test_login started **********************
11/15/2022 01:48:24 PM: INFO: ***************** test_login passed **********************
11/15/2022 01:49:01 PM: INFO: **********************Test_ddt_0001***********************
11/15/2022 01:49:01 PM: INFO: ***************** test_login started **********************
11/15/2022 01:49:05 PM: INFO: *****************Test_001_Login***************
11/15/2022 01:49:05 PM: INFO: ******************* 'verifying Home Page ***************
11/15/2022 01:49:23 PM: INFO: ***************** test passed **********************
11/15/2022 01:49:25 PM: INFO: ***************** test_login started **********************
11/15/2022 01:50:32 PM: INFO: ***************** test_login passed **********************
11/15/2022 01:50:43 PM: INFO: **********************Test_ddt_0001***********************
11/15/2022 01:50:43 PM: INFO: ***************** test_login started **********************
11/15/2022 01:51:28 PM: INFO: **********passed
11/15/2022 01:51:30 PM: INFO: ************ Login test pass *************
11/15/2022 01:51:32 PM: INFO: *****************Test_001_Login***************
11/15/2022 01:51:32 PM: INFO: ******************* 'verifying Home Page ***************
11/15/2022 01:51:35 PM: INFO: ***************** test passed **********************
11/15/2022 01:51:36 PM: INFO: ***************** test_login started **********************
11/15/2022 01:51:59 PM: INFO: ***************** test_login passed **********************
11/15/2022 01:53:25 PM: INFO: **********************Test_ddt_0001***********************
11/15/2022 01:53:25 PM: INFO: ***************** test_login started **********************
11/15/2022 01:53:38 PM: INFO: **********passed**********
11/15/2022 01:53:39 PM: INFO: ************ Login test pass *************
11/15/2022 01:53:41 PM: INFO: *****************Test_001_Login***************
11/15/2022 01:53:41 PM: INFO: ******************* 'verifying Home Page ***************
11/15/2022 01:54:00 PM: INFO: ***************** test passed **********************
11/15/2022 01:54:01 PM: INFO: ***************** test_login started **********************
11/15/2022 01:55:38 PM: INFO: ***************** test_login started **********************
11/15/2022 01:55:38 PM: INFO: *****************Test_001_Login***************
11/15/2022 01:55:38 PM: INFO: ******************* 'verifying Home Page ***************
11/15/2022 01:55:38 PM: INFO: **********************Test_ddt_0001***********************
11/15/2022 01:55:38 PM: INFO: ***************** test_login started **********************
11/15/2022 01:55:51 PM: INFO: **********passed**********
11/15/2022 01:55:53 PM: INFO: ************ Login test pass *************
11/15/2022 01:55:57 PM: INFO: ***************** test passed **********************
11/15/2022 01:56:13 PM: INFO: ***************** test_login passed **********************
11/15/2022 02:03:20 PM: INFO: **********************Test_ddt_0001***********************
11/15/2022 02:03:20 PM: INFO: ***************** test_login started **********************
11/15/2022 02:04:13 PM: INFO: **********passed**********
11/15/2022 02:04:15 PM: INFO: ************ Login test pass *************
11/15/2022 02:04:33 PM: INFO: *****************Test_001_Login***************
11/15/2022 02:04:33 PM: INFO: ******************* 'verifying Home Page ***************
11/15/2022 02:04:51 PM: INFO: ***************** test passed **********************
11/15/2022 02:04:52 PM: INFO: ***************** test_login started **********************
11/15/2022 02:05:02 PM: INFO: ***************** test_login passed **********************
11/15/2022 02:10:33 PM: INFO: **********************Test_ddt_0001***********************
11/15/2022 02:10:33 PM: INFO: ***************** test_login started **********************
11/15/2022 02:10:45 PM: INFO: **********passed**********
11/15/2022 02:10:47 PM: INFO: ************ Login test pass *************
11/15/2022 02:10:49 PM: INFO: *****************Test_001_Login***************
11/15/2022 02:10:49 PM: INFO: ******************* 'verifying Home Page ***************
11/15/2022 02:11:07 PM: INFO: ***************** test passed **********************
11/15/2022 02:11:08 PM: INFO: ***************** test_login started **********************
11/15/2022 02:11:30 PM: INFO: ***************** test_login passed **********************
11/15/2022 02:16:04 PM: INFO: **********************Test_ddt_0001***********************
11/15/2022 02:16:04 PM: INFO: ***************** test_login started **********************
11/15/2022 02:16:48 PM: INFO: **********passed**********
11/15/2022 02:17:07 PM: INFO: ************ Login test pass *************
11/15/2022 02:17:23 PM: INFO: ************** end of logi l=test *************
11/15/2022 02:17:23 PM: INFO: ************ Completed tc login ddt _002 ****** 
11/15/2022 02:17:24 PM: INFO: *****************Test_001_Login***************
11/15/2022 02:17:24 PM: INFO: ******************* 'verifying Home Page ***************
11/15/2022 02:17:27 PM: INFO: ***************** test passed **********************
11/15/2022 02:17:28 PM: INFO: ***************** test_login started **********************
11/15/2022 02:17:53 PM: INFO: ***************** test_login passed **********************
11/15/2022 04:28:02 PM: INFO: **********************Test_ddt_0001***********************
11/15/2022 04:28:02 PM: INFO: ***************** test_login started **********************
11/15/2022 04:28:05 PM: INFO: *****************Test_001_Login***************
11/15/2022 04:28:05 PM: INFO: ******************* 'verifying Home Page ***************
11/15/2022 04:28:08 PM: INFO: ***************** test_login started **********************
11/15/2022 04:32:08 PM: INFO: **********************Test_ddt_0001***********************
11/15/2022 04:32:08 PM: INFO: ***************** test_login started **********************
11/15/2022 04:32:11 PM: INFO: *****************Test_001_Login***************
11/15/2022 04:32:11 PM: INFO: ******************* 'verifying Home Page ***************
11/15/2022 04:32:13 PM: INFO: ***************** test_login started **********************
11/15/2022 04:32:44 PM: INFO: **********************Test_ddt_0001***********************
11/15/2022 04:32:44 PM: INFO: ***************** test_login started **********************
11/15/2022 04:33:00 PM: INFO: **********passed**********
11/15/2022 04:33:21 PM: INFO: ************ Login test pass *************
11/15/2022 04:33:21 PM: INFO: ************** end of logi l=test *************
11/15/2022 04:33:21 PM: INFO: ************ Completed tc login ddt _002 ****** 
11/15/2022 04:33:23 PM: INFO: *****************Test_001_Login***************
11/15/2022 04:33:23 PM: INFO: ******************* 'verifying Home Page ***************
11/15/2022 04:33:26 PM: INFO: ***************** test passed **********************
11/15/2022 04:33:28 PM: INFO: ***************** test_login started **********************
11/15/2022 04:33:38 PM: INFO: ***************** test_login passed **********************
11/15/2022 04:54:17 PM: INFO: **********************Test_ddt_0001***********************
11/15/2022 04:54:17 PM: INFO: ***************** test_login started **********************
11/15/2022 04:54:32 PM: INFO: **********passed**********
11/15/2022 04:54:53 PM: INFO: ************ Login test pass *************
11/15/2022 04:54:53 PM: INFO: ************** end of logi l=test *************
11/15/2022 04:54:53 PM: INFO: ************ Completed tc login ddt _002 ****** 
11/15/2022 04:54:55 PM: INFO: ************* Test_003_AddCustomer **********
11/15/2022 04:55:03 PM: INFO: ************* Login succesful **********
11/15/2022 04:55:03 PM: INFO: ******* Starting Add Customer Test **********
11/15/2022 04:55:05 PM: INFO: *****************Test_001_Login***************
11/15/2022 04:55:05 PM: INFO: ******************* 'verifying Home Page ***************
11/15/2022 04:55:07 PM: INFO: ***************** test passed **********************
11/15/2022 04:55:09 PM: INFO: ***************** test_login started **********************
11/15/2022 04:55:18 PM: INFO: ***************** test_login passed **********************
11/15/2022 05:06:19 PM: INFO: **********************Test_ddt_0001***********************
11/15/2022 05:06:19 PM: INFO: ***************** test_login started **********************
11/15/2022 05:06:19 PM: INFO: *****************Test_001_Login***************
11/15/2022 05:06:19 PM: INFO: ******************* 'verifying Home Page ***************
11/15/2022 05:06:19 PM: INFO: ************* Test_003_AddCustomer **********
11/15/2022 05:06:22 PM: INFO: ***************** test passed **********************
11/15/2022 05:06:28 PM: INFO: ************* Login succesful **********
11/15/2022 05:06:28 PM: INFO: ******* Starting Add Customer Test **********
11/15/2022 05:06:44 PM: INFO: **********passed**********
11/15/2022 05:07:05 PM: INFO: ************ Login test pass *************
11/15/2022 05:07:06 PM: INFO: ************** end of logi l=test *************
11/15/2022 05:07:06 PM: INFO: ************ Completed tc login ddt _002 ****** 
11/15/2022 05:07:07 PM: INFO: ***************** test_login started **********************
11/15/2022 05:07:16 PM: INFO: ***************** test_login passed **********************
11/15/2022 05:13:02 PM: INFO: **********************Test_ddt_0001***********************
11/15/2022 05:13:02 PM: INFO: ***************** test_login started **********************
11/15/2022 05:13:04 PM: INFO: ************* Test_003_AddCustomer **********
11/15/2022 05:13:04 PM: INFO: *****************Test_001_Login***************
11/15/2022 05:13:04 PM: INFO: ******************* 'verifying Home Page ***************
11/15/2022 05:13:08 PM: INFO: ***************** test passed **********************
11/15/2022 05:13:14 PM: INFO: ************* Login succesful **********
11/15/2022 05:13:14 PM: INFO: ******* Starting Add Customer Test **********
11/15/2022 05:13:20 PM: INFO: **********passed**********
11/15/2022 05:13:41 PM: INFO: ************ Login test pass *************
11/15/2022 05:13:42 PM: INFO: ************** end of logi l=test *************
11/15/2022 05:13:42 PM: INFO: ************ Completed tc login ddt _002 ****** 
11/15/2022 05:13:44 PM: INFO: ***************** test_login started **********************
11/15/2022 05:13:53 PM: INFO: ***************** test_login passed **********************
11/15/2022 05:24:13 PM: INFO: **********************Test_ddt_0001***********************
11/15/2022 05:24:13 PM: INFO: ***************** test_login started **********************
11/15/2022 05:24:27 PM: INFO: **********passed**********
11/15/2022 05:24:48 PM: INFO: ************ Login test pass *************
11/15/2022 05:24:49 PM: INFO: ************** end of logi l=test *************
11/15/2022 05:24:49 PM: INFO: ************ Completed tc login ddt _002 ****** 
11/15/2022 05:24:51 PM: INFO: ************* Test_003_AddCustomer **********
11/15/2022 05:25:03 PM: INFO: ************* Login succesful **********
11/15/2022 05:25:03 PM: INFO: ******* Starting Add Customer Test **********
11/15/2022 05:25:06 PM: INFO: *****************Test_001_Login***************
11/15/2022 05:25:06 PM: INFO: ******************* 'verifying Home Page ***************
11/15/2022 05:25:08 PM: INFO: ***************** test passed **********************
11/15/2022 05:25:09 PM: INFO: ***************** test_login started **********************
11/15/2022 05:25:18 PM: INFO: ***************** test_login passed **********************
11/15/2022 05:28:25 PM: INFO: *****************Test_001_Login***************
11/15/2022 05:28:25 PM: INFO: ******************* 'verifying Home Page ***************
11/15/2022 05:28:25 PM: INFO: **********************Test_ddt_0001***********************
11/15/2022 05:28:25 PM: INFO: ***************** test_login started **********************
11/15/2022 05:28:26 PM: INFO: ************* Test_003_AddCustomer **********
11/15/2022 05:28:28 PM: INFO: ***************** test passed **********************
11/15/2022 05:28:40 PM: INFO: **********passed**********
11/15/2022 05:28:40 PM: INFO: ************* Login succesful **********
11/15/2022 05:28:40 PM: INFO: ******* Starting Add Customer Test **********
11/15/2022 05:29:01 PM: INFO: ************ Login test pass *************
11/15/2022 05:29:01 PM: INFO: ************** end of logi l=test *************
11/15/2022 05:29:01 PM: INFO: ************ Completed tc login ddt _002 ****** 
11/15/2022 05:29:03 PM: INFO: ***************** test_login started **********************
11/15/2022 05:29:15 PM: INFO: ***************** test_login passed **********************
11/15/2022 05:35:17 PM: INFO: ************* Test_003_AddCustomer **********
11/15/2022 05:35:17 PM: INFO: *****************Test_001_Login***************
11/15/2022 05:35:17 PM: INFO: ******************* 'verifying Home Page ***************
11/15/2022 05:35:18 PM: INFO: **********************Test_ddt_0001***********************
11/15/2022 05:35:18 PM: INFO: ***************** test_login started **********************
11/15/2022 05:35:21 PM: INFO: ***************** test passed **********************
11/15/2022 05:35:28 PM: INFO: ************* Login succesful **********
11/15/2022 05:35:28 PM: INFO: ******* Starting Add Customer Test **********
11/15/2022 05:35:33 PM: INFO: **********passed**********
11/15/2022 05:35:55 PM: INFO: ************ Login test pass *************
11/15/2022 05:35:56 PM: INFO: ************** end of logi l=test *************
11/15/2022 05:35:56 PM: INFO: ************ Completed tc login ddt _002 ****** 
11/15/2022 05:35:58 PM: INFO: ***************** test_login started **********************
11/15/2022 05:36:08 PM: INFO: ***************** test_login passed **********************
11/15/2022 05:40:25 PM: INFO: *****************Test_001_Login***************
11/15/2022 05:40:25 PM: INFO: ******************* 'verifying Home Page ***************
11/15/2022 05:40:25 PM: INFO: **********************Test_ddt_0001***********************
11/15/2022 05:40:25 PM: INFO: ***************** test_login started **********************
11/15/2022 05:40:25 PM: INFO: ***************** test_login started **********************
11/15/2022 05:40:29 PM: INFO: ***************** test passed **********************
11/15/2022 05:40:37 PM: INFO: ***************** test_login passed **********************
11/15/2022 05:40:41 PM: INFO: **********passed**********
11/15/2022 05:41:02 PM: INFO: ************ Login test pass *************
11/15/2022 05:41:03 PM: INFO: ************** end of logi l=test *************
11/15/2022 05:41:03 PM: INFO: ************ Completed tc login ddt _002 ****** 
11/15/2022 05:59:25 PM: INFO: *****************Test_001_Login***************
11/15/2022 05:59:25 PM: INFO: ******************* 'verifying Home Page ***************
11/15/2022 05:59:25 PM: INFO: **********************Test_ddt_0001***********************
11/15/2022 05:59:25 PM: INFO: ***************** test_login started **********************
11/15/2022 05:59:25 PM: INFO: ************* Test_003_AddCustomer **********
11/15/2022 05:59:28 PM: INFO: ***************** test passed **********************
11/15/2022 05:59:35 PM: INFO: ************* Login succesful **********
11/15/2022 05:59:35 PM: INFO: ******* Starting Add Customer Test **********
11/15/2022 05:59:40 PM: INFO: **********passed**********
11/15/2022 06:00:01 PM: INFO: ************ Login test pass *************
11/15/2022 06:00:01 PM: INFO: ************** end of logi l=test *************
11/15/2022 06:00:01 PM: INFO: ************ Completed tc login ddt _002 ****** 
11/15/2022 06:00:03 PM: INFO: ***************** test_login started **********************
11/15/2022 06:00:14 PM: INFO: ***************** test_login passed **********************
11/15/2022 06:08:27 PM: INFO: **********************Test_ddt_0001***********************
11/15/2022 06:08:27 PM: INFO: ***************** test_login started **********************
11/15/2022 06:08:39 PM: INFO: **********passed**********
11/15/2022 06:08:59 PM: INFO: ************ Login test pass *************
11/15/2022 06:08:59 PM: INFO: ************** end of logi l=test *************
11/15/2022 06:08:59 PM: INFO: ************ Completed tc login ddt _002 ****** 
11/15/2022 06:09:00 PM: INFO: ************* Test_003_AddCustomer **********
11/15/2022 06:09:40 PM: INFO: ************* Login succesful **********
11/15/2022 06:09:40 PM: INFO: ******* Starting Add Customer Test **********
11/15/2022 06:09:41 PM: INFO: *****************Test_001_Login***************
11/15/2022 06:09:41 PM: INFO: ******************* 'verifying Home Page ***************
11/15/2022 06:09:43 PM: INFO: ***************** test passed **********************
11/15/2022 06:09:44 PM: INFO: ***************** test_login started **********************
11/15/2022 06:09:53 PM: INFO: ***************** test_login passed **********************
11/15/2022 06:12:38 PM: INFO: ************* Test_003_AddCustomer **********
11/15/2022 06:12:38 PM: INFO: **********************Test_ddt_0001***********************
11/15/2022 06:12:38 PM: INFO: ***************** test_login started **********************
11/15/2022 06:12:38 PM: INFO: *****************Test_001_Login***************
11/15/2022 06:12:38 PM: INFO: ******************* 'verifying Home Page ***************
11/15/2022 06:12:41 PM: INFO: ***************** test passed **********************
11/15/2022 06:12:48 PM: INFO: ************* Login succesful **********
11/15/2022 06:12:48 PM: INFO: ******* Starting Add Customer Test **********
11/15/2022 06:12:52 PM: INFO: **********passed**********
11/15/2022 06:13:11 PM: INFO: ************ Login test pass *************
11/15/2022 06:13:28 PM: INFO: ************** end of logi l=test *************
11/15/2022 06:13:28 PM: INFO: ************ Completed tc login ddt _002 ****** 
11/15/2022 06:13:29 PM: INFO: ***************** test_login started **********************
11/15/2022 06:13:39 PM: INFO: ***************** test_login passed **********************
11/15/2022 06:20:04 PM: INFO: **********************Test_ddt_0001***********************
11/15/2022 06:20:04 PM: INFO: ***************** test_login started **********************
11/15/2022 06:20:18 PM: INFO: **********passed**********
11/15/2022 06:20:37 PM: INFO: ************ Login test pass *************
11/15/2022 06:20:53 PM: INFO: ************** end of logi l=test *************
11/15/2022 06:20:53 PM: INFO: ************ Completed tc login ddt _002 ****** 
11/15/2022 06:20:54 PM: INFO: ************* Test_003_AddCustomer **********
11/15/2022 06:21:07 PM: INFO: ************* Login succesful **********
11/15/2022 06:21:07 PM: INFO: ******* Starting Add Customer Test **********
11/15/2022 06:21:08 PM: INFO: *****************Test_001_Login***************
11/15/2022 06:21:08 PM: INFO: ******************* 'verifying Home Page ***************
11/15/2022 06:21:25 PM: INFO: ***************** test passed **********************
11/15/2022 06:21:26 PM: INFO: ***************** test_login started **********************
11/15/2022 06:21:40 PM: INFO: ***************** test_login passed **********************
11/15/2022 06:23:12 PM: INFO: **********************Test_ddt_0001***********************
11/15/2022 06:23:12 PM: INFO: ***************** test_login started **********************
11/15/2022 06:23:12 PM: INFO: ************* Test_003_AddCustomer **********
11/15/2022 06:23:12 PM: INFO: *****************Test_001_Login***************
11/15/2022 06:23:12 PM: INFO: ******************* 'verifying Home Page ***************
11/15/2022 06:23:14 PM: INFO: ***************** test passed **********************
11/15/2022 06:23:21 PM: INFO: ************* Login succesful **********
11/15/2022 06:23:21 PM: INFO: ******* Starting Add Customer Test **********
11/15/2022 06:23:27 PM: INFO: **********passed**********
11/15/2022 06:23:47 PM: INFO: ************ Login test pass *************
11/15/2022 06:24:03 PM: INFO: ************** end of logi l=test *************
11/15/2022 06:24:03 PM: INFO: ************ Completed tc login ddt _002 ****** 
11/15/2022 06:24:04 PM: INFO: ***************** test_login started **********************
11/15/2022 06:24:34 PM: INFO: ***************** test_login passed **********************
11/15/2022 08:04:13 PM: INFO: **********************Test_ddt_0001***********************
11/15/2022 08:04:13 PM: INFO: ***************** test_login started **********************
11/15/2022 08:04:28 PM: INFO: **********passed**********
11/15/2022 08:04:49 PM: INFO: ************ Login test pass *************
11/15/2022 08:04:50 PM: INFO: ************** end of logi l=test *************
11/15/2022 08:04:50 PM: INFO: ************ Completed tc login ddt _002 ****** 
11/15/2022 08:04:51 PM: INFO: *****************Test_001_Login***************
11/15/2022 08:04:51 PM: INFO: ******************* 'verifying Home Page ***************
11/15/2022 08:04:54 PM: INFO: ***************** test passed **********************
11/15/2022 08:04:56 PM: INFO: ***************** test_login started **********************
11/15/2022 08:05:05 PM: INFO: ***************** test_login passed **********************
11/15/2022 08:09:13 PM: INFO: **********************Test_ddt_0001***********************
11/15/2022 08:09:13 PM: INFO: ***************** test_login started **********************
11/15/2022 08:09:49 PM: INFO: **********passed**********
11/15/2022 08:10:10 PM: INFO: ************ Login test pass *************
11/15/2022 08:10:10 PM: INFO: ************** end of logi l=test *************
11/15/2022 08:10:10 PM: INFO: ************ Completed tc login ddt _002 ****** 
11/15/2022 08:10:12 PM: INFO: ************* Test_003_AddCustomer **********
11/15/2022 08:10:21 PM: INFO: ************* Login succesful **********
11/15/2022 08:10:21 PM: INFO: ******* Starting Add Customer Test **********
11/15/2022 08:10:23 PM: INFO: *****************Test_001_Login***************
11/15/2022 08:10:23 PM: INFO: ******************* 'verifying Home Page ***************
11/15/2022 08:10:25 PM: INFO: ***************** test passed **********************
11/15/2022 08:10:27 PM: INFO: ***************** test_login started **********************
11/15/2022 08:11:02 PM: INFO: ***************** test_login passed **********************
11/15/2022 08:15:25 PM: INFO: ***************** test_login started **********************
11/15/2022 08:15:25 PM: INFO: **********************Test_ddt_0001***********************
11/15/2022 08:15:25 PM: INFO: ***************** test_login started **********************
11/15/2022 08:15:25 PM: INFO: *****************Test_001_Login***************
11/15/2022 08:15:25 PM: INFO: ******************* 'verifying Home Page ***************
11/15/2022 08:15:28 PM: INFO: ***************** test passed **********************
11/15/2022 08:15:34 PM: INFO: ***************** test_login passed **********************
11/15/2022 08:15:38 PM: INFO: **********passed**********
11/15/2022 08:15:59 PM: INFO: ************ Login test pass *************
11/15/2022 08:15:59 PM: INFO: ************** end of logi l=test *************
11/15/2022 08:15:59 PM: INFO: ************ Completed tc login ddt _002 ****** 
11/15/2022 10:32:16 PM: INFO: **********************Test_ddt_0001***********************
11/15/2022 10:32:16 PM: INFO: ***************** test_login started **********************
11/15/2022 10:32:16 PM: INFO: *****************Test_001_Login***************
11/15/2022 10:32:16 PM: INFO: ******************* 'verifying Home Page ***************
11/15/2022 10:32:16 PM: INFO: ***************** test_login started **********************
11/15/2022 10:32:19 PM: INFO: ***************** test passed **********************
11/15/2022 10:32:26 PM: INFO: ***************** test_login passed **********************
11/15/2022 10:32:32 PM: INFO: **********passed**********
11/15/2022 10:32:55 PM: INFO: ************ Login test pass *************
11/15/2022 10:32:56 PM: INFO: ************** end of logi l=test *************
11/15/2022 10:32:56 PM: INFO: ************ Completed tc login ddt _002 ****** 
11/15/2022 10:34:57 PM: INFO: **********************Test_ddt_0001***********************
11/15/2022 10:34:57 PM: INFO: ***************** test_login started **********************
11/15/2022 10:35:12 PM: INFO: **********passed**********
11/15/2022 10:35:33 PM: INFO: ************ Login test pass *************
11/15/2022 10:35:34 PM: INFO: ************** end of logi l=test *************
11/15/2022 10:35:34 PM: INFO: ************ Completed tc login ddt _002 ****** 
11/15/2022 10:35:47 PM: INFO: *****************Test_001_Login***************
11/15/2022 10:35:47 PM: INFO: ******************* 'verifying Home Page ***************
11/15/2022 10:35:50 PM: INFO: ***************** test passed **********************
11/15/2022 10:35:51 PM: INFO: ***************** test_login started **********************
11/15/2022 10:36:01 PM: INFO: ***************** test_login passed **********************
11/15/2022 10:42:31 PM: INFO: **********************Test_ddt_0001***********************
11/15/2022 10:42:31 PM: INFO: ***************** test_login started **********************
11/15/2022 10:44:14 PM: INFO: *****************Test_001_Login***************
11/15/2022 10:44:14 PM: INFO: ******************* 'verifying Home Page ***************
11/15/2022 10:44:33 PM: INFO: ***************** test passed **********************
11/15/2022 10:44:34 PM: INFO: ***************** test_login started **********************
11/15/2022 10:44:44 PM: INFO: ***************** test_login passed **********************
11/15/2022 10:45:15 PM: INFO: **********************Test_ddt_0001***********************
11/15/2022 10:45:15 PM: INFO: ***************** test_login started **********************
11/15/2022 10:45:15 PM: INFO: *****************Test_001_Login***************
11/15/2022 10:45:15 PM: INFO: ******************* 'verifying Home Page ***************
11/15/2022 10:45:17 PM: INFO: ***************** test passed **********************
11/15/2022 10:45:28 PM: INFO: **********passed**********
11/15/2022 10:45:47 PM: INFO: ************ Login test pass *************
11/15/2022 10:46:03 PM: INFO: ************** end of logi l=test *************
11/15/2022 10:46:03 PM: INFO: ************ Completed tc login ddt _002 ****** 
11/15/2022 10:46:04 PM: INFO: ***************** test_login started **********************
11/15/2022 10:46:28 PM: INFO: ***************** test_login passed **********************
11/15/2022 11:33:32 PM: INFO: **********************Test_ddt_0001***********************
11/15/2022 11:33:32 PM: INFO: ***************** test_login started **********************
11/15/2022 11:33:45 PM: INFO: **********passed**********
11/15/2022 11:34:04 PM: INFO: ************ Login test pass *************
11/15/2022 11:34:20 PM: INFO: ************** end of logi l=test *************
11/15/2022 11:34:20 PM: INFO: ************ Completed tc login ddt _002 ****** 
11/15/2022 11:34:21 PM: INFO: *****************Test_001_Login***************
11/15/2022 11:34:21 PM: INFO: ******************* 'verifying Home Page ***************
11/15/2022 11:34:39 PM: INFO: ***************** test passed **********************
11/15/2022 11:34:40 PM: INFO: ***************** test_login started **********************
11/15/2022 11:34:46 PM: INFO: ***************** test_login passed **********************
11/15/2022 11:35:19 PM: INFO: **********************Test_ddt_0001***********************
11/15/2022 11:35:19 PM: INFO: ***************** test_login started **********************
11/15/2022 11:35:31 PM: INFO: **********passed**********
11/15/2022 11:35:50 PM: INFO: ************ Login test pass *************
11/15/2022 11:36:06 PM: INFO: ************** end of logi l=test *************
11/15/2022 11:36:06 PM: INFO: ************ Completed tc login ddt _002 ****** 
11/15/2022 11:36:08 PM: INFO: *****************Test_001_Login***************
11/15/2022 11:36:08 PM: INFO: ******************* 'verifying Home Page ***************
11/15/2022 11:36:09 PM: INFO: ***************** test passed **********************
11/15/2022 11:36:11 PM: INFO: ***************** test_login started **********************
11/15/2022 11:37:48 PM: INFO: ***************** test_login passed **********************
11/15/2022 11:44:21 PM: INFO: **********************Test_ddt_0001***********************
11/15/2022 11:44:21 PM: INFO: ***************** test_login started **********************
11/15/2022 11:44:34 PM: INFO: **********passed**********
11/15/2022 11:44:53 PM: INFO: ************ Login test pass *************
11/15/2022 11:45:09 PM: INFO: ************** end of logi l=test *************
11/15/2022 11:45:09 PM: INFO: ************ Completed tc login ddt _002 ****** 
11/15/2022 11:45:10 PM: INFO: *****************Test_001_Login***************
11/15/2022 11:45:10 PM: INFO: ******************* 'verifying Home Page ***************
11/15/2022 11:45:13 PM: INFO: ***************** test passed **********************
11/15/2022 11:45:14 PM: INFO: ***************** test_login started **********************
11/15/2022 11:45:20 PM: INFO: ***************** test_login passed **********************
